INFO [2016-12-20 14:47:45] $x
INFO [2016-12-20 14:47:45] candidates
INFO [2016-12-20 14:47:45] 
INFO [2016-12-20 14:47:45] $filename
INFO [2016-12-20 14:47:45] NULL
INFO [2016-12-20 14:47:45] 
INFO [2016-12-20 14:47:45] $lwd
INFO [2016-12-20 14:47:45] [1] 4
INFO [2016-12-20 14:47:45] 
INFO [2016-12-20 14:47:45] $col
INFO [2016-12-20 14:47:45] [1] "transparent"
INFO [2016-12-20 14:47:45] 
INFO [2016-12-20 14:47:45] $fill
INFO [2016-12-20 14:47:45] (values = c("#00441b", "#00441b", "#238b45", "#238b45"))
INFO [2016-12-20 14:47:45] 
INFO [2016-12-20 14:47:45] $alpha
INFO [2016-12-20 14:47:45] [1] 0.5
INFO [2016-12-20 14:47:45] 
INFO [2016-12-20 14:47:45] $cex
INFO [2016-12-20 14:47:45] [1] 1
INFO [2016-12-20 14:47:45] 
INFO [2016-12-20 14:47:45] $fontfamily
INFO [2016-12-20 14:47:45] [1] "sans"
INFO [2016-12-20 14:47:45] 
INFO [2016-12-20 14:47:45] $cat.default.pos
INFO [2016-12-20 14:47:45] [1] "text"
INFO [2016-12-20 14:47:45] 
INFO [2016-12-20 14:47:45] $cat.dist
INFO [2016-12-20 14:47:45] c(0.08, 0.08, 0.08, 0.08)
INFO [2016-12-20 14:47:45] 
INFO [2016-12-20 14:47:45] $cat.pos
INFO [2016-12-20 14:47:45] [1] 1
INFO [2016-12-20 14:47:45] 
INFO [2016-12-20 14:47:45] $cat.cex
INFO [2016-12-20 14:47:45] [1] 1
INFO [2016-12-20 14:47:45] 
INFO [2016-12-20 14:47:45] $cat.fontfamily
INFO [2016-12-20 14:47:45] [1] "sans"
INFO [2016-12-20 14:47:45] 
