INFO [2016-12-20 15:03:32] $x
INFO [2016-12-20 15:03:32] candidates
INFO [2016-12-20 15:03:32] 
INFO [2016-12-20 15:03:32] $filename
INFO [2016-12-20 15:03:32] NULL
INFO [2016-12-20 15:03:32] 
INFO [2016-12-20 15:03:32] $lwd
INFO [2016-12-20 15:03:32] [1] 4
INFO [2016-12-20 15:03:32] 
INFO [2016-12-20 15:03:32] $col
INFO [2016-12-20 15:03:32] [1] "transparent"
INFO [2016-12-20 15:03:32] 
INFO [2016-12-20 15:03:32] $fill
INFO [2016-12-20 15:03:32] (values = c("#00441b", "#00441b", "#238b45", "#238b45"))
INFO [2016-12-20 15:03:32] 
INFO [2016-12-20 15:03:32] $alpha
INFO [2016-12-20 15:03:32] [1] 0.5
INFO [2016-12-20 15:03:32] 
INFO [2016-12-20 15:03:32] $cex
INFO [2016-12-20 15:03:32] [1] 1
INFO [2016-12-20 15:03:32] 
INFO [2016-12-20 15:03:32] $fontfamily
INFO [2016-12-20 15:03:32] [1] "sans"
INFO [2016-12-20 15:03:32] 
INFO [2016-12-20 15:03:32] $cat.default.pos
INFO [2016-12-20 15:03:32] [1] "text"
INFO [2016-12-20 15:03:32] 
INFO [2016-12-20 15:03:32] $cat.dist
INFO [2016-12-20 15:03:32] c(0.08, 0.08, 0.08, 0.08)
INFO [2016-12-20 15:03:32] 
INFO [2016-12-20 15:03:32] $cat.pos
INFO [2016-12-20 15:03:32] [1] 1
INFO [2016-12-20 15:03:32] 
INFO [2016-12-20 15:03:32] $cat.cex
INFO [2016-12-20 15:03:32] [1] 1
INFO [2016-12-20 15:03:32] 
INFO [2016-12-20 15:03:32] $cat.fontfamily
INFO [2016-12-20 15:03:32] [1] "sans"
INFO [2016-12-20 15:03:32] 
