INFO [2016-12-21 23:02:26] $x
INFO [2016-12-21 23:02:26] candidates
INFO [2016-12-21 23:02:26] 
INFO [2016-12-21 23:02:26] $filename
INFO [2016-12-21 23:02:26] NULL
INFO [2016-12-21 23:02:26] 
INFO [2016-12-21 23:02:26] $lwd
INFO [2016-12-21 23:02:26] [1] 4
INFO [2016-12-21 23:02:26] 
INFO [2016-12-21 23:02:26] $col
INFO [2016-12-21 23:02:26] [1] "transparent"
INFO [2016-12-21 23:02:26] 
INFO [2016-12-21 23:02:26] $fill
INFO [2016-12-21 23:02:26] (values = c("#00441b", "#00441b", "#238b45", "#238b45"))
INFO [2016-12-21 23:02:26] 
INFO [2016-12-21 23:02:26] $alpha
INFO [2016-12-21 23:02:26] [1] 0.5
INFO [2016-12-21 23:02:26] 
INFO [2016-12-21 23:02:26] $cex
INFO [2016-12-21 23:02:26] [1] 1
INFO [2016-12-21 23:02:26] 
INFO [2016-12-21 23:02:26] $fontfamily
INFO [2016-12-21 23:02:26] [1] "sans"
INFO [2016-12-21 23:02:26] 
INFO [2016-12-21 23:02:26] $cat.default.pos
INFO [2016-12-21 23:02:26] [1] "text"
INFO [2016-12-21 23:02:26] 
INFO [2016-12-21 23:02:26] $cat.dist
INFO [2016-12-21 23:02:26] c(0.08, 0.08, 0.08, 0.08)
INFO [2016-12-21 23:02:26] 
INFO [2016-12-21 23:02:26] $cat.pos
INFO [2016-12-21 23:02:26] [1] 1
INFO [2016-12-21 23:02:26] 
INFO [2016-12-21 23:02:26] $cat.cex
INFO [2016-12-21 23:02:26] [1] 1
INFO [2016-12-21 23:02:26] 
INFO [2016-12-21 23:02:26] $cat.fontfamily
INFO [2016-12-21 23:02:26] [1] "sans"
INFO [2016-12-21 23:02:26] 
