INFO [2016-11-19 19:08:42] $x
INFO [2016-11-19 19:08:42] candidates
INFO [2016-11-19 19:08:42] 
INFO [2016-11-19 19:08:42] $filename
INFO [2016-11-19 19:08:42] NULL
INFO [2016-11-19 19:08:42] 
INFO [2016-11-19 19:08:42] $lwd
INFO [2016-11-19 19:08:42] [1] 4
INFO [2016-11-19 19:08:42] 
INFO [2016-11-19 19:08:42] $col
INFO [2016-11-19 19:08:42] [1] "transparent"
INFO [2016-11-19 19:08:42] 
INFO [2016-11-19 19:08:42] $fill
INFO [2016-11-19 19:08:42] (values = c("#00441b", "#238b45", "#66c2a4", "#ccece6"))
INFO [2016-11-19 19:08:42] 
INFO [2016-11-19 19:08:42] $alpha
INFO [2016-11-19 19:08:42] [1] 0.5
INFO [2016-11-19 19:08:42] 
INFO [2016-11-19 19:08:42] $cex
INFO [2016-11-19 19:08:42] [1] 1
INFO [2016-11-19 19:08:42] 
INFO [2016-11-19 19:08:42] $fontfamily
INFO [2016-11-19 19:08:42] [1] "sans"
INFO [2016-11-19 19:08:42] 
INFO [2016-11-19 19:08:42] $cat.default.pos
INFO [2016-11-19 19:08:42] [1] "text"
INFO [2016-11-19 19:08:42] 
INFO [2016-11-19 19:08:42] $cat.cex
INFO [2016-11-19 19:08:42] [1] 1
INFO [2016-11-19 19:08:42] 
INFO [2016-11-19 19:08:42] $cat.fontfamily
INFO [2016-11-19 19:08:42] [1] "sans"
INFO [2016-11-19 19:08:42] 
