INFO [2017-03-06 16:22:37] $scaled
INFO [2017-03-06 16:22:37] T
INFO [2017-03-06 16:22:37] 
INFO [2017-03-06 16:22:37] $x
INFO [2017-03-06 16:22:37] candidates
INFO [2017-03-06 16:22:37] 
INFO [2017-03-06 16:22:37] $filename
INFO [2017-03-06 16:22:37] NULL
INFO [2017-03-06 16:22:37] 
INFO [2017-03-06 16:22:37] $col
INFO [2017-03-06 16:22:37] [1] "black"
INFO [2017-03-06 16:22:37] 
INFO [2017-03-06 16:22:37] $fill
INFO [2017-03-06 16:22:37] c("white", "white")
INFO [2017-03-06 16:22:37] 
INFO [2017-03-06 16:22:37] $alpha
INFO [2017-03-06 16:22:37] [1] 0.5
INFO [2017-03-06 16:22:37] 
INFO [2017-03-06 16:22:37] $cex
INFO [2017-03-06 16:22:37] [1] 1
INFO [2017-03-06 16:22:37] 
INFO [2017-03-06 16:22:37] $fontfamily
INFO [2017-03-06 16:22:37] [1] "sans"
INFO [2017-03-06 16:22:37] 
INFO [2017-03-06 16:22:37] $cat.default.pos
INFO [2017-03-06 16:22:37] [1] "text"
INFO [2017-03-06 16:22:37] 
INFO [2017-03-06 16:22:37] $cat.cex
INFO [2017-03-06 16:22:37] [1] 1
INFO [2017-03-06 16:22:37] 
INFO [2017-03-06 16:22:37] $cat.fontfamily
INFO [2017-03-06 16:22:37] [1] "sans"
INFO [2017-03-06 16:22:37] 
