INFO [2017-03-06 16:32:15] $scaled
INFO [2017-03-06 16:32:15] T
INFO [2017-03-06 16:32:15] 
INFO [2017-03-06 16:32:15] $x
INFO [2017-03-06 16:32:15] candidates
INFO [2017-03-06 16:32:15] 
INFO [2017-03-06 16:32:15] $filename
INFO [2017-03-06 16:32:15] NULL
INFO [2017-03-06 16:32:15] 
INFO [2017-03-06 16:32:15] $col
INFO [2017-03-06 16:32:15] [1] "black"
INFO [2017-03-06 16:32:15] 
INFO [2017-03-06 16:32:15] $fill
INFO [2017-03-06 16:32:15] c("white", "white")
INFO [2017-03-06 16:32:15] 
INFO [2017-03-06 16:32:15] $alpha
INFO [2017-03-06 16:32:15] [1] 0.5
INFO [2017-03-06 16:32:15] 
INFO [2017-03-06 16:32:15] $cex
INFO [2017-03-06 16:32:15] [1] 1
INFO [2017-03-06 16:32:15] 
INFO [2017-03-06 16:32:15] $fontfamily
INFO [2017-03-06 16:32:15] [1] "sans"
INFO [2017-03-06 16:32:15] 
INFO [2017-03-06 16:32:15] $cat.default.pos
INFO [2017-03-06 16:32:15] [1] "text"
INFO [2017-03-06 16:32:15] 
INFO [2017-03-06 16:32:15] $cat.cex
INFO [2017-03-06 16:32:15] [1] 1
INFO [2017-03-06 16:32:15] 
INFO [2017-03-06 16:32:15] $cat.fontfamily
INFO [2017-03-06 16:32:15] [1] "sans"
INFO [2017-03-06 16:32:15] 
INFO [2017-03-06 16:32:15] $scaled
INFO [2017-03-06 16:32:15] T
INFO [2017-03-06 16:32:15] 
INFO [2017-03-06 16:32:15] $x
INFO [2017-03-06 16:32:15] candidates
INFO [2017-03-06 16:32:15] 
INFO [2017-03-06 16:32:15] $filename
INFO [2017-03-06 16:32:15] NULL
INFO [2017-03-06 16:32:15] 
INFO [2017-03-06 16:32:15] $col
INFO [2017-03-06 16:32:15] [1] "black"
INFO [2017-03-06 16:32:15] 
INFO [2017-03-06 16:32:15] $fill
INFO [2017-03-06 16:32:15] c("white", "white")
INFO [2017-03-06 16:32:15] 
INFO [2017-03-06 16:32:15] $alpha
INFO [2017-03-06 16:32:15] [1] 0.5
INFO [2017-03-06 16:32:15] 
INFO [2017-03-06 16:32:15] $cex
INFO [2017-03-06 16:32:15] [1] 1
INFO [2017-03-06 16:32:15] 
INFO [2017-03-06 16:32:15] $fontfamily
INFO [2017-03-06 16:32:15] [1] "sans"
INFO [2017-03-06 16:32:15] 
INFO [2017-03-06 16:32:15] $cat.default.pos
INFO [2017-03-06 16:32:15] [1] "text"
INFO [2017-03-06 16:32:15] 
INFO [2017-03-06 16:32:15] $cat.cex
INFO [2017-03-06 16:32:15] [1] 1
INFO [2017-03-06 16:32:15] 
INFO [2017-03-06 16:32:15] $cat.fontfamily
INFO [2017-03-06 16:32:15] [1] "sans"
INFO [2017-03-06 16:32:15] 
