INFO [2017-03-06 16:28:16] $scaled
INFO [2017-03-06 16:28:16] T
INFO [2017-03-06 16:28:16] 
INFO [2017-03-06 16:28:16] $x
INFO [2017-03-06 16:28:16] candidates
INFO [2017-03-06 16:28:16] 
INFO [2017-03-06 16:28:16] $filename
INFO [2017-03-06 16:28:16] NULL
INFO [2017-03-06 16:28:16] 
INFO [2017-03-06 16:28:16] $col
INFO [2017-03-06 16:28:16] [1] "black"
INFO [2017-03-06 16:28:16] 
INFO [2017-03-06 16:28:16] $fill
INFO [2017-03-06 16:28:16] c("white", "white")
INFO [2017-03-06 16:28:16] 
INFO [2017-03-06 16:28:16] $alpha
INFO [2017-03-06 16:28:16] [1] 0.5
INFO [2017-03-06 16:28:16] 
INFO [2017-03-06 16:28:16] $cex
INFO [2017-03-06 16:28:16] [1] 1
INFO [2017-03-06 16:28:16] 
INFO [2017-03-06 16:28:16] $fontfamily
INFO [2017-03-06 16:28:16] [1] "sans"
INFO [2017-03-06 16:28:16] 
INFO [2017-03-06 16:28:16] $cat.default.pos
INFO [2017-03-06 16:28:16] [1] "text"
INFO [2017-03-06 16:28:16] 
INFO [2017-03-06 16:28:16] $cat.cex
INFO [2017-03-06 16:28:16] [1] 1
INFO [2017-03-06 16:28:16] 
INFO [2017-03-06 16:28:16] $cat.fontfamily
INFO [2017-03-06 16:28:16] [1] "sans"
INFO [2017-03-06 16:28:16] 
