INFO [2017-03-06 16:42:25] $scaled
INFO [2017-03-06 16:42:25] T
INFO [2017-03-06 16:42:25] 
INFO [2017-03-06 16:42:25] $x
INFO [2017-03-06 16:42:25] candidates
INFO [2017-03-06 16:42:25] 
INFO [2017-03-06 16:42:25] $filename
INFO [2017-03-06 16:42:25] NULL
INFO [2017-03-06 16:42:25] 
INFO [2017-03-06 16:42:25] $col
INFO [2017-03-06 16:42:25] [1] "black"
INFO [2017-03-06 16:42:25] 
INFO [2017-03-06 16:42:25] $fill
INFO [2017-03-06 16:42:25] c("white", "white")
INFO [2017-03-06 16:42:25] 
INFO [2017-03-06 16:42:25] $alpha
INFO [2017-03-06 16:42:25] [1] 0.5
INFO [2017-03-06 16:42:25] 
INFO [2017-03-06 16:42:25] $cex
INFO [2017-03-06 16:42:25] [1] 1
INFO [2017-03-06 16:42:25] 
INFO [2017-03-06 16:42:25] $fontfamily
INFO [2017-03-06 16:42:25] [1] "sans"
INFO [2017-03-06 16:42:25] 
INFO [2017-03-06 16:42:25] $cat.default.pos
INFO [2017-03-06 16:42:25] [1] "text"
INFO [2017-03-06 16:42:25] 
INFO [2017-03-06 16:42:25] $cat.cex
INFO [2017-03-06 16:42:25] [1] 1
INFO [2017-03-06 16:42:25] 
INFO [2017-03-06 16:42:25] $cat.fontfamily
INFO [2017-03-06 16:42:25] [1] "sans"
INFO [2017-03-06 16:42:25] 
INFO [2017-03-06 16:42:25] $scaled
INFO [2017-03-06 16:42:25] T
INFO [2017-03-06 16:42:25] 
INFO [2017-03-06 16:42:25] $x
INFO [2017-03-06 16:42:25] candidates
INFO [2017-03-06 16:42:25] 
INFO [2017-03-06 16:42:25] $filename
INFO [2017-03-06 16:42:25] NULL
INFO [2017-03-06 16:42:25] 
INFO [2017-03-06 16:42:25] $col
INFO [2017-03-06 16:42:25] [1] "black"
INFO [2017-03-06 16:42:25] 
INFO [2017-03-06 16:42:25] $fill
INFO [2017-03-06 16:42:25] c("white", "white")
INFO [2017-03-06 16:42:25] 
INFO [2017-03-06 16:42:25] $alpha
INFO [2017-03-06 16:42:25] [1] 0.5
INFO [2017-03-06 16:42:25] 
INFO [2017-03-06 16:42:25] $cex
INFO [2017-03-06 16:42:25] [1] 1
INFO [2017-03-06 16:42:25] 
INFO [2017-03-06 16:42:25] $fontfamily
INFO [2017-03-06 16:42:25] [1] "sans"
INFO [2017-03-06 16:42:25] 
INFO [2017-03-06 16:42:25] $cat.default.pos
INFO [2017-03-06 16:42:25] [1] "text"
INFO [2017-03-06 16:42:25] 
INFO [2017-03-06 16:42:25] $cat.cex
INFO [2017-03-06 16:42:25] [1] 1
INFO [2017-03-06 16:42:25] 
INFO [2017-03-06 16:42:25] $cat.fontfamily
INFO [2017-03-06 16:42:25] [1] "sans"
INFO [2017-03-06 16:42:25] 
