INFO [2017-03-06 16:13:57] $scaled
INFO [2017-03-06 16:13:57] T
INFO [2017-03-06 16:13:57] 
INFO [2017-03-06 16:13:57] $x
INFO [2017-03-06 16:13:57] candidates
INFO [2017-03-06 16:13:57] 
INFO [2017-03-06 16:13:57] $filename
INFO [2017-03-06 16:13:57] NULL
INFO [2017-03-06 16:13:57] 
INFO [2017-03-06 16:13:57] $col
INFO [2017-03-06 16:13:57] [1] "black"
INFO [2017-03-06 16:13:57] 
INFO [2017-03-06 16:13:57] $fill
INFO [2017-03-06 16:13:57] c("white", "white")
INFO [2017-03-06 16:13:57] 
INFO [2017-03-06 16:13:57] $alpha
INFO [2017-03-06 16:13:57] [1] 0.5
INFO [2017-03-06 16:13:57] 
INFO [2017-03-06 16:13:57] $cex
INFO [2017-03-06 16:13:57] [1] 1
INFO [2017-03-06 16:13:57] 
INFO [2017-03-06 16:13:57] $fontfamily
INFO [2017-03-06 16:13:57] [1] "sans"
INFO [2017-03-06 16:13:57] 
INFO [2017-03-06 16:13:57] $cat.default.pos
INFO [2017-03-06 16:13:57] [1] "text"
INFO [2017-03-06 16:13:57] 
INFO [2017-03-06 16:13:57] $cat.cex
INFO [2017-03-06 16:13:57] [1] 1
INFO [2017-03-06 16:13:57] 
INFO [2017-03-06 16:13:57] $cat.fontfamily
INFO [2017-03-06 16:13:57] [1] "sans"
INFO [2017-03-06 16:13:57] 
INFO [2017-03-06 16:13:57] $scaled
INFO [2017-03-06 16:13:57] T
INFO [2017-03-06 16:13:57] 
INFO [2017-03-06 16:13:57] $x
INFO [2017-03-06 16:13:57] candidates
INFO [2017-03-06 16:13:57] 
INFO [2017-03-06 16:13:57] $filename
INFO [2017-03-06 16:13:57] NULL
INFO [2017-03-06 16:13:57] 
INFO [2017-03-06 16:13:57] $col
INFO [2017-03-06 16:13:57] [1] "black"
INFO [2017-03-06 16:13:57] 
INFO [2017-03-06 16:13:57] $fill
INFO [2017-03-06 16:13:57] c("white", "white")
INFO [2017-03-06 16:13:57] 
INFO [2017-03-06 16:13:57] $alpha
INFO [2017-03-06 16:13:57] [1] 0.5
INFO [2017-03-06 16:13:57] 
INFO [2017-03-06 16:13:57] $cex
INFO [2017-03-06 16:13:57] [1] 1
INFO [2017-03-06 16:13:57] 
INFO [2017-03-06 16:13:57] $fontfamily
INFO [2017-03-06 16:13:57] [1] "sans"
INFO [2017-03-06 16:13:57] 
INFO [2017-03-06 16:13:57] $cat.default.pos
INFO [2017-03-06 16:13:57] [1] "text"
INFO [2017-03-06 16:13:57] 
INFO [2017-03-06 16:13:57] $cat.cex
INFO [2017-03-06 16:13:57] [1] 1
INFO [2017-03-06 16:13:57] 
INFO [2017-03-06 16:13:57] $cat.fontfamily
INFO [2017-03-06 16:13:57] [1] "sans"
INFO [2017-03-06 16:13:57] 
