INFO [2017-03-06 16:23:02] $scaled
INFO [2017-03-06 16:23:02] T
INFO [2017-03-06 16:23:02] 
INFO [2017-03-06 16:23:02] $x
INFO [2017-03-06 16:23:02] candidates
INFO [2017-03-06 16:23:02] 
INFO [2017-03-06 16:23:02] $filename
INFO [2017-03-06 16:23:02] NULL
INFO [2017-03-06 16:23:02] 
INFO [2017-03-06 16:23:02] $col
INFO [2017-03-06 16:23:02] [1] "black"
INFO [2017-03-06 16:23:02] 
INFO [2017-03-06 16:23:02] $fill
INFO [2017-03-06 16:23:02] c("white", "white")
INFO [2017-03-06 16:23:02] 
INFO [2017-03-06 16:23:02] $alpha
INFO [2017-03-06 16:23:02] [1] 0.5
INFO [2017-03-06 16:23:02] 
INFO [2017-03-06 16:23:02] $cex
INFO [2017-03-06 16:23:02] [1] 1
INFO [2017-03-06 16:23:02] 
INFO [2017-03-06 16:23:02] $fontfamily
INFO [2017-03-06 16:23:02] [1] "sans"
INFO [2017-03-06 16:23:02] 
INFO [2017-03-06 16:23:02] $cat.default.pos
INFO [2017-03-06 16:23:02] [1] "text"
INFO [2017-03-06 16:23:02] 
INFO [2017-03-06 16:23:02] $cat.cex
INFO [2017-03-06 16:23:02] [1] 1
INFO [2017-03-06 16:23:02] 
INFO [2017-03-06 16:23:02] $cat.fontfamily
INFO [2017-03-06 16:23:02] [1] "sans"
INFO [2017-03-06 16:23:02] 
