INFO [2017-03-06 16:16:26] $scaled
INFO [2017-03-06 16:16:26] T
INFO [2017-03-06 16:16:26] 
INFO [2017-03-06 16:16:26] $x
INFO [2017-03-06 16:16:26] candidates
INFO [2017-03-06 16:16:26] 
INFO [2017-03-06 16:16:26] $filename
INFO [2017-03-06 16:16:26] NULL
INFO [2017-03-06 16:16:26] 
INFO [2017-03-06 16:16:26] $col
INFO [2017-03-06 16:16:26] [1] "black"
INFO [2017-03-06 16:16:26] 
INFO [2017-03-06 16:16:26] $fill
INFO [2017-03-06 16:16:26] c("white", "white")
INFO [2017-03-06 16:16:26] 
INFO [2017-03-06 16:16:26] $alpha
INFO [2017-03-06 16:16:26] [1] 0.5
INFO [2017-03-06 16:16:26] 
INFO [2017-03-06 16:16:26] $cex
INFO [2017-03-06 16:16:26] [1] 1
INFO [2017-03-06 16:16:26] 
INFO [2017-03-06 16:16:26] $fontfamily
INFO [2017-03-06 16:16:26] [1] "sans"
INFO [2017-03-06 16:16:26] 
INFO [2017-03-06 16:16:26] $cat.default.pos
INFO [2017-03-06 16:16:26] [1] "text"
INFO [2017-03-06 16:16:26] 
INFO [2017-03-06 16:16:26] $cat.cex
INFO [2017-03-06 16:16:26] [1] 1
INFO [2017-03-06 16:16:26] 
INFO [2017-03-06 16:16:26] $cat.fontfamily
INFO [2017-03-06 16:16:26] [1] "sans"
INFO [2017-03-06 16:16:26] 
INFO [2017-03-06 16:16:26] $scaled
INFO [2017-03-06 16:16:26] T
INFO [2017-03-06 16:16:26] 
INFO [2017-03-06 16:16:26] $x
INFO [2017-03-06 16:16:26] candidates
INFO [2017-03-06 16:16:26] 
INFO [2017-03-06 16:16:26] $filename
INFO [2017-03-06 16:16:26] NULL
INFO [2017-03-06 16:16:26] 
INFO [2017-03-06 16:16:26] $col
INFO [2017-03-06 16:16:26] [1] "black"
INFO [2017-03-06 16:16:26] 
INFO [2017-03-06 16:16:26] $fill
INFO [2017-03-06 16:16:26] c("white", "white")
INFO [2017-03-06 16:16:26] 
INFO [2017-03-06 16:16:26] $alpha
INFO [2017-03-06 16:16:26] [1] 0.5
INFO [2017-03-06 16:16:26] 
INFO [2017-03-06 16:16:26] $cex
INFO [2017-03-06 16:16:26] [1] 1
INFO [2017-03-06 16:16:26] 
INFO [2017-03-06 16:16:26] $fontfamily
INFO [2017-03-06 16:16:26] [1] "sans"
INFO [2017-03-06 16:16:26] 
INFO [2017-03-06 16:16:26] $cat.default.pos
INFO [2017-03-06 16:16:26] [1] "text"
INFO [2017-03-06 16:16:26] 
INFO [2017-03-06 16:16:26] $cat.cex
INFO [2017-03-06 16:16:26] [1] 1
INFO [2017-03-06 16:16:26] 
INFO [2017-03-06 16:16:26] $cat.fontfamily
INFO [2017-03-06 16:16:26] [1] "sans"
INFO [2017-03-06 16:16:26] 
