INFO [2017-12-15 23:12:52] $scaled
INFO [2017-12-15 23:12:52] T
INFO [2017-12-15 23:12:52] 
INFO [2017-12-15 23:12:52] $x
INFO [2017-12-15 23:12:52] candidates
INFO [2017-12-15 23:12:52] 
INFO [2017-12-15 23:12:52] $filename
INFO [2017-12-15 23:12:52] NULL
INFO [2017-12-15 23:12:52] 
INFO [2017-12-15 23:12:52] $col
INFO [2017-12-15 23:12:52] [1] "black"
INFO [2017-12-15 23:12:52] 
INFO [2017-12-15 23:12:52] $fill
INFO [2017-12-15 23:12:52] c("white", "white")
INFO [2017-12-15 23:12:52] 
INFO [2017-12-15 23:12:52] $alpha
INFO [2017-12-15 23:12:52] [1] 0.5
INFO [2017-12-15 23:12:52] 
INFO [2017-12-15 23:12:52] $cex
INFO [2017-12-15 23:12:52] [1] 1
INFO [2017-12-15 23:12:52] 
INFO [2017-12-15 23:12:52] $fontfamily
INFO [2017-12-15 23:12:52] [1] "sans"
INFO [2017-12-15 23:12:52] 
INFO [2017-12-15 23:12:52] $cat.default.pos
INFO [2017-12-15 23:12:52] [1] "text"
INFO [2017-12-15 23:12:52] 
INFO [2017-12-15 23:12:52] $cat.dist
INFO [2017-12-15 23:12:52] c(0.07, 0.07)
INFO [2017-12-15 23:12:52] 
INFO [2017-12-15 23:12:52] $cat.pos
INFO [2017-12-15 23:12:52] [1] 1
INFO [2017-12-15 23:12:52] 
INFO [2017-12-15 23:12:52] $cat.cex
INFO [2017-12-15 23:12:52] [1] 1
INFO [2017-12-15 23:12:52] 
INFO [2017-12-15 23:12:52] $cat.fontfamily
INFO [2017-12-15 23:12:52] [1] "sans"
INFO [2017-12-15 23:12:52] 
