INFO [2017-12-15 23:03:55] $scaled
INFO [2017-12-15 23:03:55] T
INFO [2017-12-15 23:03:55] 
INFO [2017-12-15 23:03:55] $x
INFO [2017-12-15 23:03:55] candidates
INFO [2017-12-15 23:03:55] 
INFO [2017-12-15 23:03:55] $filename
INFO [2017-12-15 23:03:55] NULL
INFO [2017-12-15 23:03:55] 
INFO [2017-12-15 23:03:55] $col
INFO [2017-12-15 23:03:55] [1] "black"
INFO [2017-12-15 23:03:55] 
INFO [2017-12-15 23:03:55] $fill
INFO [2017-12-15 23:03:55] c("white", "white")
INFO [2017-12-15 23:03:55] 
INFO [2017-12-15 23:03:55] $alpha
INFO [2017-12-15 23:03:55] [1] 0.5
INFO [2017-12-15 23:03:55] 
INFO [2017-12-15 23:03:55] $cex
INFO [2017-12-15 23:03:55] [1] 1
INFO [2017-12-15 23:03:55] 
INFO [2017-12-15 23:03:55] $fontfamily
INFO [2017-12-15 23:03:55] [1] "sans"
INFO [2017-12-15 23:03:55] 
INFO [2017-12-15 23:03:55] $cat.default.pos
INFO [2017-12-15 23:03:55] [1] "text"
INFO [2017-12-15 23:03:55] 
INFO [2017-12-15 23:03:55] $cat.dist
INFO [2017-12-15 23:03:55] c(0.08, 0.08)
INFO [2017-12-15 23:03:55] 
INFO [2017-12-15 23:03:55] $cat.pos
INFO [2017-12-15 23:03:55] [1] 1
INFO [2017-12-15 23:03:55] 
INFO [2017-12-15 23:03:55] $cat.cex
INFO [2017-12-15 23:03:55] [1] 1
INFO [2017-12-15 23:03:55] 
INFO [2017-12-15 23:03:55] $cat.fontfamily
INFO [2017-12-15 23:03:55] [1] "sans"
INFO [2017-12-15 23:03:55] 
