INFO [2017-12-15 23:12:53] $scaled
INFO [2017-12-15 23:12:53] T
INFO [2017-12-15 23:12:53] 
INFO [2017-12-15 23:12:53] $x
INFO [2017-12-15 23:12:53] candidates
INFO [2017-12-15 23:12:53] 
INFO [2017-12-15 23:12:53] $filename
INFO [2017-12-15 23:12:53] NULL
INFO [2017-12-15 23:12:53] 
INFO [2017-12-15 23:12:53] $col
INFO [2017-12-15 23:12:53] [1] "black"
INFO [2017-12-15 23:12:53] 
INFO [2017-12-15 23:12:53] $fill
INFO [2017-12-15 23:12:53] c("white", "white", "white")
INFO [2017-12-15 23:12:53] 
INFO [2017-12-15 23:12:53] $alpha
INFO [2017-12-15 23:12:53] [1] 0.5
INFO [2017-12-15 23:12:53] 
INFO [2017-12-15 23:12:53] $cex
INFO [2017-12-15 23:12:53] [1] 1
INFO [2017-12-15 23:12:53] 
INFO [2017-12-15 23:12:53] $fontfamily
INFO [2017-12-15 23:12:53] [1] "sans"
INFO [2017-12-15 23:12:53] 
INFO [2017-12-15 23:12:53] $cat.default.pos
INFO [2017-12-15 23:12:53] [1] "text"
INFO [2017-12-15 23:12:53] 
INFO [2017-12-15 23:12:53] $cat.dist
INFO [2017-12-15 23:12:53] c(0.07, 0.07, 0.07)
INFO [2017-12-15 23:12:53] 
INFO [2017-12-15 23:12:53] $cat.pos
INFO [2017-12-15 23:12:53] [1] 1
INFO [2017-12-15 23:12:53] 
INFO [2017-12-15 23:12:53] $cat.cex
INFO [2017-12-15 23:12:53] [1] 1
INFO [2017-12-15 23:12:53] 
INFO [2017-12-15 23:12:53] $cat.fontfamily
INFO [2017-12-15 23:12:53] [1] "sans"
INFO [2017-12-15 23:12:53] 
